Build started 6/6/2013 2:13:46 PM.
     1>Project "C:\Users\Scott Davey\documents\visual studio 2010\Projects\SFML\GameStates\GameStates.vcxproj" on node 2 (build target(s)).
     1>InitializeBuildStatus:
         Creating "Release\GameStates.unsuccessfulbuild" because "AlwaysCreate" was specified.
       ClCompile:
         c:\Program Files (x86)\Microsoft Visual Studio 10.0\VC\bin\CL.exe /c /I"C:\SFML\SFML-2.0\include" /Zi /nologo /W4 /WX- /O2 /Oi /Oy- /GL /D SFML_STATIC /D WIN32 /D NDEBUG /D _CONSOLE /D _UNICODE /D UNICODE /Gm- /EHsc /MD /GS /Gy /fp:precise /Zc:wchar_t /Zc:forScope /Fo"Release\\" /Fd"Release\vc100.pdb" /Gd /TP /analyze- /errorReport:prompt StartMenuBase.cpp StartMenu_Options.cpp
         StartMenuBase.cpp
         StartMenu_Options.cpp
     1>StartMenu_Options.cpp(97): warning C4244: 'argument' : conversion from 'float' to 'sf::Uint8', possible loss of data
     1>StartMenu_Options.cpp(107): warning C4100: 'elapsedime' : unreferenced formal parameter
       Link:
         c:\Program Files (x86)\Microsoft Visual Studio 10.0\VC\bin\link.exe /ERRORREPORT:PROMPT /OUT:"C:\Users\Scott Davey\documents\visual studio 2010\Projects\SFML\GameStates\Release\GameStates.exe" /INCREMENTAL:NO /NOLOGO /LIBPATH:"C:\SFML\SFML-2.0\lib" "sfml-graphics-s.lib" "sfml-system-s.lib" "sfml-window-s.lib" kernel32.lib user32.lib gdi32.lib winspool.lib comdlg32.lib advapi32.lib shell32.lib ole32.lib oleaut32.lib uuid.lib odbc32.lib odbccp32.lib /MANIFEST /ManifestFile:"Release\GameStates.exe.intermediate.manifest" /MANIFESTUAC:"level='asInvoker' uiAccess='false'" /DEBUG /PDB:"C:\Users\Scott Davey\documents\visual studio 2010\Projects\SFML\GameStates\Release\GameStates.pdb" /SUBSYSTEM:CONSOLE /OPT:REF /OPT:ICF /LTCG /TLBID:1 /DYNAMICBASE /NXCOMPAT /IMPLIB:"C:\Users\Scott Davey\documents\visual studio 2010\Projects\SFML\GameStates\Release\GameStates.lib" /MACHINE:X86 Release\Background.obj
         Release\Camera.obj
         Release\Level.obj
         Release\main.obj
         Release\Midground.obj
         Release\Program.obj
         Release\StartMenu.obj
         Release\StartMenuBase.obj
         Release\StartMenu_Options.obj
         Release\StateThree.obj
         Release\StateTwo.obj
         Generating code
         Finished generating code
         GameStates.vcxproj -> C:\Users\Scott Davey\documents\visual studio 2010\Projects\SFML\GameStates\Release\GameStates.exe
       Manifest:
         C:\Program Files (x86)\Microsoft SDKs\Windows\v7.0A\bin\mt.exe /nologo /verbose /outputresource:"C:\Users\Scott Davey\documents\visual studio 2010\Projects\SFML\GameStates\Release\GameStates.exe;#1" /manifest Release\GameStates.exe.intermediate.manifest
       FinalizeBuildStatus:
         Deleting file "Release\GameStates.unsuccessfulbuild".
         Touching "Release\GameStates.lastbuildstate".
     1>Done Building Project "C:\Users\Scott Davey\documents\visual studio 2010\Projects\SFML\GameStates\GameStates.vcxproj" (build target(s)).

Build succeeded.

Time Elapsed 00:00:01.68
